2024-07-18 00:17:00,605 - INFO - Начало загрузки данных из таблицы film_work
2024-07-18 00:17:00,794 - INFO - Загрузка данных из таблицы film_work завершена
2024-07-18 00:17:00,795 - INFO - Начало загрузки данных из таблицы genre
2024-07-18 00:17:00,798 - INFO - Загрузка данных из таблицы genre завершена
2024-07-18 00:17:00,798 - INFO - Начало загрузки данных из таблицы person
2024-07-18 00:17:01,229 - INFO - Загрузка данных из таблицы person завершена
2024-07-18 00:17:01,229 - INFO - Начало загрузки данных из таблицы genre_film_work
2024-07-18 00:17:01,496 - INFO - Загрузка данных из таблицы genre_film_work завершена
2024-07-18 00:17:01,496 - INFO - Начало загрузки данных из таблицы person_film_work
2024-07-18 00:17:02,207 - INFO - Загрузка данных из таблицы person_film_work завершена
2024-07-18 00:18:39,467 - INFO - Начало переноса данных из SQLite в PostgreSQL
2024-07-18 00:18:39,467 - INFO - Начало загрузки данных из таблицы film_work
2024-07-18 00:18:39,637 - INFO - Загрузка данных из таблицы film_work завершена
2024-07-18 00:18:39,638 - INFO - Начало загрузки данных из таблицы genre
2024-07-18 00:18:39,642 - INFO - Загрузка данных из таблицы genre завершена
2024-07-18 00:18:39,642 - INFO - Начало загрузки данных из таблицы person
2024-07-18 00:18:40,023 - INFO - Загрузка данных из таблицы person завершена
2024-07-18 00:18:40,023 - INFO - Начало загрузки данных из таблицы genre_film_work
2024-07-18 00:18:40,232 - INFO - Загрузка данных из таблицы genre_film_work завершена
2024-07-18 00:18:40,232 - INFO - Начало загрузки данных из таблицы person_film_work
2024-07-18 00:18:40,872 - INFO - Загрузка данных из таблицы person_film_work завершена
2024-07-18 00:18:40,872 - INFO - Перенос данных из SQLite в PostgreSQL завершен
